<?xml version="1.0" encoding="UTF-8"?>
<robot generator="Robot 4.1.2 (Python 3.10.0 on win32)" generated="20211206 16:02:08.953" rpa="false" schemaversion="2">
<suite id="s1" name="Main" source="C:\Users\jagibson\Prog_Projects\technical_references\Robot\demo-scripts\Tests\main.robot">
<kw name="Init Suite" library="common" type="SETUP">
<kw name="Log" library="BuiltIn">
<arg>I am initializing a web suite.</arg>
<doc>Logs the given message with the given level.</doc>
<msg timestamp="20211206 16:02:09.180" level="INFO">I am initializing a web suite.</msg>
<status status="PASS" starttime="20211206 16:02:09.180" endtime="20211206 16:02:09.180"/>
</kw>
<status status="PASS" starttime="20211206 16:02:09.180" endtime="20211206 16:02:09.180"/>
</kw>
<test id="s1-t1" name="User must sign in to checkout">
<kw name="Begin Web Test" library="common.web" type="SETUP">
<arg>${BROWSER}</arg>
<kw name="Open Browser" library="SeleniumLibrary">
<arg>about:blank</arg>
<arg>${browser}</arg>
<doc>Opens a new browser instance to the optional ``url``.</doc>
<msg timestamp="20211206 16:02:09.181" level="INFO">Opening browser 'chrome' to base url 'about:blank'.</msg>
<status status="PASS" starttime="20211206 16:02:09.181" endtime="20211206 16:02:10.559"/>
</kw>
<kw name="Maximize Browser Window" library="SeleniumLibrary">
<doc>Maximizes current browser window.</doc>
<status status="PASS" starttime="20211206 16:02:10.560" endtime="20211206 16:02:10.685"/>
</kw>
<status status="PASS" starttime="20211206 16:02:09.181" endtime="20211206 16:02:10.685"/>
</kw>
<kw name="Log" library="BuiltIn">
<arg>Testing guest user checkout.</arg>
<doc>Logs the given message with the given level.</doc>
<msg timestamp="20211206 16:02:10.685" level="INFO">Testing guest user checkout.</msg>
<status status="PASS" starttime="20211206 16:02:10.685" endtime="20211206 16:02:10.685"/>
</kw>
<kw name="Search for Products" library="web.gui">
<arg>${URL}</arg>
<arg>${SEARCH_TERM}</arg>
<kw name="Load" library="landing-page">
<arg>${url}</arg>
<kw name="Go To" library="SeleniumLibrary">
<arg>${url}</arg>
<doc>Navigates the current browser window to the provided ``url``.</doc>
<msg timestamp="20211206 16:02:10.686" level="INFO">Opening url 'https://amazon.com'</msg>
<status status="PASS" starttime="20211206 16:02:10.686" endtime="20211206 16:02:13.277"/>
</kw>
<status status="PASS" starttime="20211206 16:02:10.686" endtime="20211206 16:02:13.277"/>
</kw>
<kw name="Verify Page Loaded" library="landing-page">
<kw name="Wait Until Page Contains" library="SeleniumLibrary">
<arg>${LANDING_PAGE_WELCOME_MSG}</arg>
<doc>Waits until ``text`` appears on the current page.</doc>
<status status="PASS" starttime="20211206 16:02:13.277" endtime="20211206 16:02:13.350"/>
</kw>
<status status="PASS" starttime="20211206 16:02:13.277" endtime="20211206 16:02:13.350"/>
</kw>
<kw name="Search for Products" library="top-nav">
<arg>${search_term}</arg>
<kw name="Enter Search Term" library="top-nav">
<arg>${search_term}</arg>
<kw name="Input Text" library="SeleniumLibrary">
<arg>${TOP_NAV_SEARCH_BAR}</arg>
<arg>${search_term}</arg>
<doc>Types the given ``text`` into the text field identified by ``locator``.</doc>
<msg timestamp="20211206 16:02:13.352" level="INFO">Typing text 'Ferrari 458' into text field 'id=twotabsearchtextbox'.</msg>
<status status="PASS" starttime="20211206 16:02:13.352" endtime="20211206 16:02:13.601"/>
</kw>
<status status="PASS" starttime="20211206 16:02:13.351" endtime="20211206 16:02:13.601"/>
</kw>
<kw name="Submit Search" library="top-nav">
<kw name="Click Button" library="SeleniumLibrary">
<arg>${TOP_NAV_SEARCH_BUTTON}</arg>
<doc>Clicks the button identified by ``locator``.</doc>
<msg timestamp="20211206 16:02:13.603" level="INFO">Clicking button 'id=nav-search-submit-button'.</msg>
<status status="PASS" starttime="20211206 16:02:13.602" endtime="20211206 16:02:16.179"/>
</kw>
<status status="PASS" starttime="20211206 16:02:13.601" endtime="20211206 16:02:16.180"/>
</kw>
<status status="PASS" starttime="20211206 16:02:13.350" endtime="20211206 16:02:16.180"/>
</kw>
<kw name="Verify Search Completed" library="search-results">
<arg>${search_term}</arg>
<kw name="Wait Until Page Contains" library="SeleniumLibrary">
<arg>results for "${search_term}"</arg>
<doc>Waits until ``text`` appears on the current page.</doc>
<status status="PASS" starttime="20211206 16:02:16.181" endtime="20211206 16:02:16.249"/>
</kw>
<status status="PASS" starttime="20211206 16:02:16.180" endtime="20211206 16:02:16.249"/>
</kw>
<status status="PASS" starttime="20211206 16:02:10.686" endtime="20211206 16:02:16.249"/>
</kw>
<kw name="Select Product from Search Results" library="web.gui">
<kw name="Click Product Link" library="search-results">
<doc>Clicks on the third product link in the search results list.</doc>
<kw name="Click Link" library="SeleniumLibrary">
<arg>${SEARCH_RESULTS_THIRD_PRODUCT_LINK}</arg>
<doc>Clicks a link identified by ``locator``.</doc>
<msg timestamp="20211206 16:02:16.250" level="INFO">Clicking link 'xpath=//*[@id="search"]/div[1]/div[1]/div/span[3]/div[2]/div[5]/div/span/div/div/span/a'.</msg>
<status status="PASS" starttime="20211206 16:02:16.250" endtime="20211206 16:02:19.175"/>
</kw>
<status status="PASS" starttime="20211206 16:02:16.250" endtime="20211206 16:02:19.175"/>
</kw>
<kw name="Verify Page Loaded" library="product">
<kw name="Wait Until Page Contains" library="SeleniumLibrary">
<arg>${PRODUCT_BACK_MSG}</arg>
<doc>Waits until ``text`` appears on the current page.</doc>
<status status="PASS" starttime="20211206 16:02:19.176" endtime="20211206 16:02:19.223"/>
</kw>
<status status="PASS" starttime="20211206 16:02:19.175" endtime="20211206 16:02:19.223"/>
</kw>
<status status="PASS" starttime="20211206 16:02:16.249" endtime="20211206 16:02:19.223"/>
</kw>
<kw name="Add Product to Cart" library="web.gui">
<kw name="Add to Cart" library="product">
<kw name="Click Button" library="SeleniumLibrary">
<arg>${PRODUCT_ADD_TO_CART_BUTTON}</arg>
<doc>Clicks the button identified by ``locator``.</doc>
<msg timestamp="20211206 16:02:19.225" level="INFO">Clicking button 'id=add-to-cart-button'.</msg>
<status status="PASS" starttime="20211206 16:02:19.224" endtime="20211206 16:02:20.733"/>
</kw>
<status status="PASS" starttime="20211206 16:02:19.224" endtime="20211206 16:02:20.733"/>
</kw>
<kw name="Verify Product Added" library="cart">
<kw name="Wait Until Page Contains" library="SeleniumLibrary">
<arg>${CART_ADD_CONFIRMATION}</arg>
<doc>Waits until ``text`` appears on the current page.</doc>
<status status="PASS" starttime="20211206 16:02:20.734" endtime="20211206 16:02:20.814"/>
</kw>
<status status="PASS" starttime="20211206 16:02:20.733" endtime="20211206 16:02:20.814"/>
</kw>
<status status="PASS" starttime="20211206 16:02:19.223" endtime="20211206 16:02:20.814"/>
</kw>
<kw name="Begin Checkout" library="web.gui">
<kw name="Proceed to Checkout" library="cart">
<kw name="Click Link" library="SeleniumLibrary">
<arg>${CART_PROCEED_TO_CHECKOUT_BUTTON}</arg>
<doc>Clicks a link identified by ``locator``.</doc>
<msg timestamp="20211206 16:02:20.816" level="INFO">Clicking link 'id=hlb-ptc-btn-native'.</msg>
<msg timestamp="20211206 16:02:21.179" level="INFO" html="true">&lt;/td&gt;&lt;/tr&gt;&lt;tr&gt;&lt;td colspan="3"&gt;&lt;a href="selenium-screenshot-1.png"&gt;&lt;img src="selenium-screenshot-1.png" width="800px"&gt;&lt;/a&gt;</msg>
<msg timestamp="20211206 16:02:21.185" level="FAIL">Link with locator 'id=hlb-ptc-btn-native' not found.</msg>
<status status="FAIL" starttime="20211206 16:02:20.816" endtime="20211206 16:02:21.185"/>
</kw>
<status status="FAIL" starttime="20211206 16:02:20.815" endtime="20211206 16:02:21.187"/>
</kw>
<kw name="Verify Page Loaded" library="sign-in">
<status status="NOT RUN" starttime="20211206 16:02:21.188" endtime="20211206 16:02:21.188"/>
</kw>
<status status="FAIL" starttime="20211206 16:02:20.815" endtime="20211206 16:02:21.188"/>
</kw>
<kw name="Pause" library="common">
<status status="NOT RUN" starttime="20211206 16:02:21.189" endtime="20211206 16:02:21.189"/>
</kw>
<kw name="End Web Test" library="common.web" type="TEARDOWN">
<kw name="Close Browser" library="SeleniumLibrary">
<doc>Closes the current browser.</doc>
<status status="PASS" starttime="20211206 16:02:21.191" endtime="20211206 16:02:23.468"/>
</kw>
<status status="PASS" starttime="20211206 16:02:21.190" endtime="20211206 16:02:23.468"/>
</kw>
<doc>Attempt to checkout on Amazon without logging in.</doc>
<tag>main</tag>
<status status="FAIL" starttime="20211206 16:02:09.180" endtime="20211206 16:02:23.468">Link with locator 'id=hlb-ptc-btn-native' not found.</status>
</test>
<test id="s1-t2" name="User cannot sign in with invalid email">
<kw name="Begin Web Test" library="common.web" type="SETUP">
<arg>${BROWSER}</arg>
<kw name="Open Browser" library="SeleniumLibrary">
<arg>about:blank</arg>
<arg>${browser}</arg>
<doc>Opens a new browser instance to the optional ``url``.</doc>
<msg timestamp="20211206 16:02:23.470" level="INFO">Opening browser 'chrome' to base url 'about:blank'.</msg>
<status status="PASS" starttime="20211206 16:02:23.470" endtime="20211206 16:02:25.042"/>
</kw>
<kw name="Maximize Browser Window" library="SeleniumLibrary">
<doc>Maximizes current browser window.</doc>
<status status="PASS" starttime="20211206 16:02:25.043" endtime="20211206 16:02:25.159"/>
</kw>
<status status="PASS" starttime="20211206 16:02:23.470" endtime="20211206 16:02:25.159"/>
</kw>
<kw name="Log" library="BuiltIn">
<arg>Testing invalid credential sign-in.</arg>
<doc>Logs the given message with the given level.</doc>
<msg timestamp="20211206 16:02:25.160" level="INFO">Testing invalid credential sign-in.</msg>
<status status="PASS" starttime="20211206 16:02:25.159" endtime="20211206 16:02:25.160"/>
</kw>
<kw name="Begin Login" library="web.gui">
<arg>${URL}</arg>
<kw name="Load" library="landing-page">
<arg>${url}</arg>
<kw name="Go To" library="SeleniumLibrary">
<arg>${url}</arg>
<doc>Navigates the current browser window to the provided ``url``.</doc>
<msg timestamp="20211206 16:02:25.161" level="INFO">Opening url 'https://amazon.com'</msg>
<status status="PASS" starttime="20211206 16:02:25.161" endtime="20211206 16:02:27.633"/>
</kw>
<status status="PASS" starttime="20211206 16:02:25.161" endtime="20211206 16:02:27.633"/>
</kw>
<kw name="Verify Page Loaded" library="landing-page">
<kw name="Wait Until Page Contains" library="SeleniumLibrary">
<arg>${LANDING_PAGE_WELCOME_MSG}</arg>
<doc>Waits until ``text`` appears on the current page.</doc>
<status status="PASS" starttime="20211206 16:02:27.634" endtime="20211206 16:02:27.729"/>
</kw>
<status status="PASS" starttime="20211206 16:02:27.633" endtime="20211206 16:02:27.729"/>
</kw>
<kw name="View Account" library="top-nav">
<kw name="Click Link" library="SeleniumLibrary">
<arg>${TOP_NAV_ACCOUNT_BUTTON}</arg>
<doc>Clicks a link identified by ``locator``.</doc>
<msg timestamp="20211206 16:02:27.730" level="INFO">Clicking link 'id=nav-link-accountList'.</msg>
<status status="PASS" starttime="20211206 16:02:27.730" endtime="20211206 16:02:28.764"/>
</kw>
<status status="PASS" starttime="20211206 16:02:27.729" endtime="20211206 16:02:28.764"/>
</kw>
<status status="PASS" starttime="20211206 16:02:25.160" endtime="20211206 16:02:28.764"/>
</kw>
<kw name="Submit &quot;Email&quot; Value" library="web.gui">
<arg>${INVALID_EMAIL}</arg>
<kw name="Fill &quot;Email&quot; Field" library="sign-in">
<arg>${email}</arg>
<kw name="Input Text" library="SeleniumLibrary">
<arg>${SIGN_IN_EMAIL_BOX}</arg>
<arg>${email}</arg>
<doc>Types the given ``text`` into the text field identified by ``locator``.</doc>
<msg timestamp="20211206 16:02:28.767" level="INFO">Typing text 'invalid_user@email.com' into text field 'id=ap_email'.</msg>
<status status="PASS" starttime="20211206 16:02:28.767" endtime="20211206 16:02:28.912"/>
</kw>
<status status="PASS" starttime="20211206 16:02:28.766" endtime="20211206 16:02:28.912"/>
</kw>
<kw name="Click &quot;Continue&quot; Button" library="sign-in">
<kw name="Click Button" library="SeleniumLibrary">
<arg>${SIGN_IN_CONTINUE_BUTTON}</arg>
<doc>Clicks the button identified by ``locator``.</doc>
<msg timestamp="20211206 16:02:28.913" level="INFO">Clicking button 'id=continue'.</msg>
<status status="PASS" starttime="20211206 16:02:28.913" endtime="20211206 16:02:29.535"/>
</kw>
<status status="PASS" starttime="20211206 16:02:28.912" endtime="20211206 16:02:29.536"/>
</kw>
<status status="PASS" starttime="20211206 16:02:28.765" endtime="20211206 16:02:29.536"/>
</kw>
<kw name="Verify &quot;Email&quot; Error" library="web.gui">
<kw name="Verify Invalid Email" library="sign-in">
<kw name="Wait Until Page Contains" library="SeleniumLibrary">
<arg>${SIGN_IN_INVLID_EMAIL_MSG}</arg>
<doc>Waits until ``text`` appears on the current page.</doc>
<status status="PASS" starttime="20211206 16:02:29.539" endtime="20211206 16:02:29.560"/>
</kw>
<status status="PASS" starttime="20211206 16:02:29.538" endtime="20211206 16:02:29.560"/>
</kw>
<status status="PASS" starttime="20211206 16:02:29.537" endtime="20211206 16:02:29.560"/>
</kw>
<kw name="Pause" library="common">
<kw name="Sleep" library="BuiltIn">
<arg>2s</arg>
<doc>Pauses the test executed for the given time.</doc>
<msg timestamp="20211206 16:02:31.564" level="INFO">Slept 2 seconds</msg>
<status status="PASS" starttime="20211206 16:02:29.561" endtime="20211206 16:02:31.564"/>
</kw>
<status status="PASS" starttime="20211206 16:02:29.561" endtime="20211206 16:02:31.564"/>
</kw>
<kw name="End Web Test" library="common.web" type="TEARDOWN">
<kw name="Close Browser" library="SeleniumLibrary">
<doc>Closes the current browser.</doc>
<status status="PASS" starttime="20211206 16:02:31.565" endtime="20211206 16:02:33.693"/>
</kw>
<status status="PASS" starttime="20211206 16:02:31.564" endtime="20211206 16:02:33.693"/>
</kw>
<doc>Attempt to login with invalid email.</doc>
<tag>email</tag>
<status status="PASS" starttime="20211206 16:02:23.469" endtime="20211206 16:02:33.694"/>
</test>
<kw name="Clean Suite" library="common" type="TEARDOWN">
<kw name="Log" library="BuiltIn">
<arg>I am cleaning up a web suite.</arg>
<doc>Logs the given message with the given level.</doc>
<msg timestamp="20211206 16:02:33.696" level="INFO">I am cleaning up a web suite.</msg>
<status status="PASS" starttime="20211206 16:02:33.696" endtime="20211206 16:02:33.696"/>
</kw>
<status status="PASS" starttime="20211206 16:02:33.696" endtime="20211206 16:02:33.696"/>
</kw>
<doc>Main suite file for testing the Amazon website.</doc>
<status status="FAIL" starttime="20211206 16:02:08.954" endtime="20211206 16:02:33.696"/>
</suite>
<statistics>
<total>
<stat pass="1" fail="1" skip="0">All Tests</stat>
</total>
<tag>
<stat pass="1" fail="0" skip="0">email</stat>
<stat pass="0" fail="1" skip="0">main</stat>
</tag>
<suite>
<stat pass="1" fail="1" skip="0" id="s1" name="Main">Main</stat>
</suite>
</statistics>
<errors>
</errors>
</robot>
