<?xml version="1.0" encoding="UTF-8"?>
<robot generator="Robot 4.1.2 (Python 3.10.0 on win32)" generated="20211206 16:09:06.364" rpa="false" schemaversion="2">
<suite id="s1" name="Main.Gherkin" source="C:\Users\jagibson\Prog_Projects\amazon_tester\Tests\main.gherkin.robot">
<kw name="Init Suite" library="common" type="SETUP">
<kw name="Log" library="BuiltIn">
<arg>I am initializing a web suite.</arg>
<doc>Logs the given message with the given level.</doc>
<msg timestamp="20211206 16:09:06.578" level="INFO">I am initializing a web suite.</msg>
<status status="PASS" starttime="20211206 16:09:06.578" endtime="20211206 16:09:06.578"/>
</kw>
<status status="PASS" starttime="20211206 16:09:06.578" endtime="20211206 16:09:06.578"/>
</kw>
<test id="s1-t1" name="Logged out user can search for products">
<kw name="Begin Web Test" library="common.web" type="SETUP">
<arg>${BROWSER}</arg>
<kw name="Open Browser" library="SeleniumLibrary">
<arg>about:blank</arg>
<arg>${browser}</arg>
<doc>Opens a new browser instance to the optional ``url``.</doc>
<msg timestamp="20211206 16:09:06.579" level="INFO">Opening browser 'chrome' to base url 'about:blank'.</msg>
<status status="PASS" starttime="20211206 16:09:06.579" endtime="20211206 16:09:07.898"/>
</kw>
<kw name="Maximize Browser Window" library="SeleniumLibrary">
<doc>Maximizes current browser window.</doc>
<status status="PASS" starttime="20211206 16:09:07.898" endtime="20211206 16:09:08.014"/>
</kw>
<status status="PASS" starttime="20211206 16:09:06.579" endtime="20211206 16:09:08.015"/>
</kw>
<kw name="Given user is not logged in" library="web.gui.gherkin">
<kw name="Log" library="BuiltIn">
<arg>Check to see whether user is logged in</arg>
<doc>Logs the given message with the given level.</doc>
<msg timestamp="20211206 16:09:08.016" level="INFO">Check to see whether user is logged in</msg>
<status status="PASS" starttime="20211206 16:09:08.015" endtime="20211206 16:09:08.016"/>
</kw>
<status status="PASS" starttime="20211206 16:09:08.015" endtime="20211206 16:09:08.016"/>
</kw>
<kw name="When user searches for products" library="web.gui.gherkin">
<arg>${URL}</arg>
<arg>${SEARCH_TERM}</arg>
<kw name="Load" library="landing-page">
<arg>${url}</arg>
<kw name="Go To" library="SeleniumLibrary">
<arg>${url}</arg>
<doc>Navigates the current browser window to the provided ``url``.</doc>
<msg timestamp="20211206 16:09:08.017" level="INFO">Opening url 'https://amazon.com'</msg>
<status status="PASS" starttime="20211206 16:09:08.017" endtime="20211206 16:09:10.251"/>
</kw>
<status status="PASS" starttime="20211206 16:09:08.017" endtime="20211206 16:09:10.251"/>
</kw>
<kw name="Search for Products" library="top-nav">
<arg>${search_term}</arg>
<kw name="Enter Search Term" library="top-nav">
<arg>${search_term}</arg>
<kw name="Input Text" library="SeleniumLibrary">
<arg>${TOP_NAV_SEARCH_BAR}</arg>
<arg>${search_term}</arg>
<doc>Types the given ``text`` into the text field identified by ``locator``.</doc>
<msg timestamp="20211206 16:09:10.253" level="INFO">Typing text 'Ferrari 458' into text field 'id=twotabsearchtextbox'.</msg>
<status status="PASS" starttime="20211206 16:09:10.253" endtime="20211206 16:09:10.376"/>
</kw>
<status status="PASS" starttime="20211206 16:09:10.252" endtime="20211206 16:09:10.376"/>
</kw>
<kw name="Submit Search" library="top-nav">
<kw name="Click Button" library="SeleniumLibrary">
<arg>${TOP_NAV_SEARCH_BUTTON}</arg>
<doc>Clicks the button identified by ``locator``.</doc>
<msg timestamp="20211206 16:09:10.376" level="INFO">Clicking button 'id=nav-search-submit-button'.</msg>
<status status="PASS" starttime="20211206 16:09:10.376" endtime="20211206 16:09:14.759"/>
</kw>
<status status="PASS" starttime="20211206 16:09:10.376" endtime="20211206 16:09:14.760"/>
</kw>
<status status="PASS" starttime="20211206 16:09:10.252" endtime="20211206 16:09:14.760"/>
</kw>
<status status="PASS" starttime="20211206 16:09:08.016" endtime="20211206 16:09:14.760"/>
</kw>
<kw name="Then search results contains relevant products" library="web.gui.gherkin">
<arg>${SEARCH_TERM}</arg>
<kw name="Verify Search Completed" library="search-results">
<arg>${search_term}</arg>
<kw name="Wait Until Page Contains" library="SeleniumLibrary">
<arg>results for "${search_term}"</arg>
<doc>Waits until ``text`` appears on the current page.</doc>
<status status="PASS" starttime="20211206 16:09:14.761" endtime="20211206 16:09:14.802"/>
</kw>
<status status="PASS" starttime="20211206 16:09:14.760" endtime="20211206 16:09:14.802"/>
</kw>
<status status="PASS" starttime="20211206 16:09:14.760" endtime="20211206 16:09:14.802"/>
</kw>
<kw name="End Web Test" library="common.web" type="TEARDOWN">
<kw name="Close Browser" library="SeleniumLibrary">
<doc>Closes the current browser.</doc>
<status status="PASS" starttime="20211206 16:09:14.803" endtime="20211206 16:09:16.996"/>
</kw>
<status status="PASS" starttime="20211206 16:09:14.802" endtime="20211206 16:09:16.996"/>
</kw>
<tag>gherkin</tag>
<status status="PASS" starttime="20211206 16:09:06.578" endtime="20211206 16:09:16.997"/>
</test>
<test id="s1-t2" name="Logged out user can view a product">
<kw name="Begin Web Test" library="common.web" type="SETUP">
<arg>${BROWSER}</arg>
<kw name="Open Browser" library="SeleniumLibrary">
<arg>about:blank</arg>
<arg>${browser}</arg>
<doc>Opens a new browser instance to the optional ``url``.</doc>
<msg timestamp="20211206 16:09:16.999" level="INFO">Opening browser 'chrome' to base url 'about:blank'.</msg>
<status status="PASS" starttime="20211206 16:09:16.999" endtime="20211206 16:09:18.292"/>
</kw>
<kw name="Maximize Browser Window" library="SeleniumLibrary">
<doc>Maximizes current browser window.</doc>
<status status="PASS" starttime="20211206 16:09:18.292" endtime="20211206 16:09:18.419"/>
</kw>
<status status="PASS" starttime="20211206 16:09:16.998" endtime="20211206 16:09:18.419"/>
</kw>
<kw name="Given user is not logged in" library="web.gui.gherkin">
<kw name="Log" library="BuiltIn">
<arg>Check to see whether user is logged in</arg>
<doc>Logs the given message with the given level.</doc>
<msg timestamp="20211206 16:09:18.420" level="INFO">Check to see whether user is logged in</msg>
<status status="PASS" starttime="20211206 16:09:18.420" endtime="20211206 16:09:18.420"/>
</kw>
<status status="PASS" starttime="20211206 16:09:18.420" endtime="20211206 16:09:18.420"/>
</kw>
<kw name="And user searches for products" library="web.gui.gherkin">
<arg>${URL}</arg>
<arg>${SEARCH_TERM}</arg>
<kw name="Load" library="landing-page">
<arg>${url}</arg>
<kw name="Go To" library="SeleniumLibrary">
<arg>${url}</arg>
<doc>Navigates the current browser window to the provided ``url``.</doc>
<msg timestamp="20211206 16:09:18.421" level="INFO">Opening url 'https://amazon.com'</msg>
<status status="PASS" starttime="20211206 16:09:18.421" endtime="20211206 16:09:20.573"/>
</kw>
<status status="PASS" starttime="20211206 16:09:18.421" endtime="20211206 16:09:20.573"/>
</kw>
<kw name="Search for Products" library="top-nav">
<arg>${search_term}</arg>
<kw name="Enter Search Term" library="top-nav">
<arg>${search_term}</arg>
<kw name="Input Text" library="SeleniumLibrary">
<arg>${TOP_NAV_SEARCH_BAR}</arg>
<arg>${search_term}</arg>
<doc>Types the given ``text`` into the text field identified by ``locator``.</doc>
<msg timestamp="20211206 16:09:20.574" level="INFO">Typing text 'Ferrari 458' into text field 'id=twotabsearchtextbox'.</msg>
<status status="PASS" starttime="20211206 16:09:20.574" endtime="20211206 16:09:20.688"/>
</kw>
<status status="PASS" starttime="20211206 16:09:20.573" endtime="20211206 16:09:20.688"/>
</kw>
<kw name="Submit Search" library="top-nav">
<kw name="Click Button" library="SeleniumLibrary">
<arg>${TOP_NAV_SEARCH_BUTTON}</arg>
<doc>Clicks the button identified by ``locator``.</doc>
<msg timestamp="20211206 16:09:20.689" level="INFO">Clicking button 'id=nav-search-submit-button'.</msg>
<status status="PASS" starttime="20211206 16:09:20.689" endtime="20211206 16:09:22.266"/>
</kw>
<status status="PASS" starttime="20211206 16:09:20.688" endtime="20211206 16:09:22.267"/>
</kw>
<status status="PASS" starttime="20211206 16:09:20.573" endtime="20211206 16:09:22.267"/>
</kw>
<status status="PASS" starttime="20211206 16:09:18.420" endtime="20211206 16:09:22.267"/>
</kw>
<kw name="And search results contains relevant products" library="web.gui.gherkin">
<arg>${SEARCH_TERM}</arg>
<kw name="Verify Search Completed" library="search-results">
<arg>${search_term}</arg>
<kw name="Wait Until Page Contains" library="SeleniumLibrary">
<arg>results for "${search_term}"</arg>
<doc>Waits until ``text`` appears on the current page.</doc>
<status status="PASS" starttime="20211206 16:09:22.269" endtime="20211206 16:09:22.369"/>
</kw>
<status status="PASS" starttime="20211206 16:09:22.269" endtime="20211206 16:09:22.369"/>
</kw>
<status status="PASS" starttime="20211206 16:09:22.268" endtime="20211206 16:09:22.369"/>
</kw>
<kw name="And user selects a product from search results" library="web.gui.gherkin">
<kw name="Click Product Link" library="search-results">
<doc>Clicks on the third product link in the search results list.</doc>
<kw name="Click Link" library="SeleniumLibrary">
<arg>${SEARCH_RESULTS_THIRD_PRODUCT_LINK}</arg>
<doc>Clicks a link identified by ``locator``.</doc>
<msg timestamp="20211206 16:09:22.371" level="INFO">Clicking link 'xpath=//*[@id="search"]/div[1]/div[1]/div/span[3]/div[2]/div[5]/div/span/div/div/span/a'.</msg>
<status status="PASS" starttime="20211206 16:09:22.371" endtime="20211206 16:09:25.789"/>
</kw>
<status status="PASS" starttime="20211206 16:09:22.370" endtime="20211206 16:09:25.790"/>
</kw>
<kw name="Verify Page Loaded" library="product">
<kw name="Wait Until Page Contains" library="SeleniumLibrary">
<arg>${PRODUCT_BACK_MSG}</arg>
<doc>Waits until ``text`` appears on the current page.</doc>
<status status="PASS" starttime="20211206 16:09:25.791" endtime="20211206 16:09:25.863"/>
</kw>
<status status="PASS" starttime="20211206 16:09:25.790" endtime="20211206 16:09:25.863"/>
</kw>
<status status="PASS" starttime="20211206 16:09:22.370" endtime="20211206 16:09:25.863"/>
</kw>
<kw name="Then correct product page loads" library="web.gui.gherkin">
<kw name="Verify Page Loaded" library="product">
<kw name="Wait Until Page Contains" library="SeleniumLibrary">
<arg>${PRODUCT_BACK_MSG}</arg>
<doc>Waits until ``text`` appears on the current page.</doc>
<status status="PASS" starttime="20211206 16:09:25.865" endtime="20211206 16:09:25.905"/>
</kw>
<status status="PASS" starttime="20211206 16:09:25.865" endtime="20211206 16:09:25.906"/>
</kw>
<status status="PASS" starttime="20211206 16:09:25.864" endtime="20211206 16:09:25.906"/>
</kw>
<kw name="End Web Test" library="common.web" type="TEARDOWN">
<kw name="Close Browser" library="SeleniumLibrary">
<doc>Closes the current browser.</doc>
<status status="PASS" starttime="20211206 16:09:25.907" endtime="20211206 16:09:28.139"/>
</kw>
<status status="PASS" starttime="20211206 16:09:25.907" endtime="20211206 16:09:28.139"/>
</kw>
<tag>gherkin</tag>
<status status="PASS" starttime="20211206 16:09:16.998" endtime="20211206 16:09:28.140"/>
</test>
<test id="s1-t3" name="Logged out user can add product to cart">
<kw name="Begin Web Test" library="common.web" type="SETUP">
<arg>${BROWSER}</arg>
<kw name="Open Browser" library="SeleniumLibrary">
<arg>about:blank</arg>
<arg>${browser}</arg>
<doc>Opens a new browser instance to the optional ``url``.</doc>
<msg timestamp="20211206 16:09:28.142" level="INFO">Opening browser 'chrome' to base url 'about:blank'.</msg>
<status status="PASS" starttime="20211206 16:09:28.142" endtime="20211206 16:09:29.768"/>
</kw>
<kw name="Maximize Browser Window" library="SeleniumLibrary">
<doc>Maximizes current browser window.</doc>
<status status="PASS" starttime="20211206 16:09:29.768" endtime="20211206 16:09:29.896"/>
</kw>
<status status="PASS" starttime="20211206 16:09:28.142" endtime="20211206 16:09:29.897"/>
</kw>
<kw name="Given user is not logged in" library="web.gui.gherkin">
<kw name="Log" library="BuiltIn">
<arg>Check to see whether user is logged in</arg>
<doc>Logs the given message with the given level.</doc>
<msg timestamp="20211206 16:09:29.898" level="INFO">Check to see whether user is logged in</msg>
<status status="PASS" starttime="20211206 16:09:29.898" endtime="20211206 16:09:29.898"/>
</kw>
<status status="PASS" starttime="20211206 16:09:29.897" endtime="20211206 16:09:29.898"/>
</kw>
<kw name="And user searches for products" library="web.gui.gherkin">
<arg>${URL}</arg>
<arg>${SEARCH_TERM}</arg>
<kw name="Load" library="landing-page">
<arg>${url}</arg>
<kw name="Go To" library="SeleniumLibrary">
<arg>${url}</arg>
<doc>Navigates the current browser window to the provided ``url``.</doc>
<msg timestamp="20211206 16:09:29.900" level="INFO">Opening url 'https://amazon.com'</msg>
<status status="PASS" starttime="20211206 16:09:29.900" endtime="20211206 16:09:32.727"/>
</kw>
<status status="PASS" starttime="20211206 16:09:29.899" endtime="20211206 16:09:32.728"/>
</kw>
<kw name="Search for Products" library="top-nav">
<arg>${search_term}</arg>
<kw name="Enter Search Term" library="top-nav">
<arg>${search_term}</arg>
<kw name="Input Text" library="SeleniumLibrary">
<arg>${TOP_NAV_SEARCH_BAR}</arg>
<arg>${search_term}</arg>
<doc>Types the given ``text`` into the text field identified by ``locator``.</doc>
<msg timestamp="20211206 16:09:32.731" level="INFO">Typing text 'Ferrari 458' into text field 'id=twotabsearchtextbox'.</msg>
<status status="PASS" starttime="20211206 16:09:32.730" endtime="20211206 16:09:33.085"/>
</kw>
<status status="PASS" starttime="20211206 16:09:32.729" endtime="20211206 16:09:33.086"/>
</kw>
<kw name="Submit Search" library="top-nav">
<kw name="Click Button" library="SeleniumLibrary">
<arg>${TOP_NAV_SEARCH_BUTTON}</arg>
<doc>Clicks the button identified by ``locator``.</doc>
<msg timestamp="20211206 16:09:33.087" level="INFO">Clicking button 'id=nav-search-submit-button'.</msg>
<status status="PASS" starttime="20211206 16:09:33.086" endtime="20211206 16:09:38.753"/>
</kw>
<status status="PASS" starttime="20211206 16:09:33.086" endtime="20211206 16:09:38.754"/>
</kw>
<status status="PASS" starttime="20211206 16:09:32.728" endtime="20211206 16:09:38.754"/>
</kw>
<status status="PASS" starttime="20211206 16:09:29.899" endtime="20211206 16:09:38.754"/>
</kw>
<kw name="And search results contains relevant products" library="web.gui.gherkin">
<arg>${SEARCH_TERM}</arg>
<kw name="Verify Search Completed" library="search-results">
<arg>${search_term}</arg>
<kw name="Wait Until Page Contains" library="SeleniumLibrary">
<arg>results for "${search_term}"</arg>
<doc>Waits until ``text`` appears on the current page.</doc>
<status status="PASS" starttime="20211206 16:09:38.757" endtime="20211206 16:09:38.794"/>
</kw>
<status status="PASS" starttime="20211206 16:09:38.756" endtime="20211206 16:09:38.794"/>
</kw>
<status status="PASS" starttime="20211206 16:09:38.755" endtime="20211206 16:09:38.795"/>
</kw>
<kw name="And user selects a product from search results" library="web.gui.gherkin">
<kw name="Click Product Link" library="search-results">
<doc>Clicks on the third product link in the search results list.</doc>
<kw name="Click Link" library="SeleniumLibrary">
<arg>${SEARCH_RESULTS_THIRD_PRODUCT_LINK}</arg>
<doc>Clicks a link identified by ``locator``.</doc>
<msg timestamp="20211206 16:09:38.796" level="INFO">Clicking link 'xpath=//*[@id="search"]/div[1]/div[1]/div/span[3]/div[2]/div[5]/div/span/div/div/span/a'.</msg>
<status status="PASS" starttime="20211206 16:09:38.796" endtime="20211206 16:09:42.540"/>
</kw>
<status status="PASS" starttime="20211206 16:09:38.796" endtime="20211206 16:09:42.541"/>
</kw>
<kw name="Verify Page Loaded" library="product">
<kw name="Wait Until Page Contains" library="SeleniumLibrary">
<arg>${PRODUCT_BACK_MSG}</arg>
<doc>Waits until ``text`` appears on the current page.</doc>
<status status="PASS" starttime="20211206 16:09:42.542" endtime="20211206 16:09:42.636"/>
</kw>
<status status="PASS" starttime="20211206 16:09:42.541" endtime="20211206 16:09:42.637"/>
</kw>
<status status="PASS" starttime="20211206 16:09:38.795" endtime="20211206 16:09:42.637"/>
</kw>
<kw name="And correct product page loads" library="web.gui.gherkin">
<kw name="Verify Page Loaded" library="product">
<kw name="Wait Until Page Contains" library="SeleniumLibrary">
<arg>${PRODUCT_BACK_MSG}</arg>
<doc>Waits until ``text`` appears on the current page.</doc>
<status status="PASS" starttime="20211206 16:09:42.639" endtime="20211206 16:09:42.695"/>
</kw>
<status status="PASS" starttime="20211206 16:09:42.639" endtime="20211206 16:09:42.696"/>
</kw>
<status status="PASS" starttime="20211206 16:09:42.638" endtime="20211206 16:09:42.696"/>
</kw>
<kw name="When user adds that product to their cart" library="web.gui.gherkin">
<kw name="Add to Cart" library="product">
<kw name="Click Button" library="SeleniumLibrary">
<arg>${PRODUCT_ADD_TO_CART_BUTTON}</arg>
<doc>Clicks the button identified by ``locator``.</doc>
<msg timestamp="20211206 16:09:42.699" level="INFO">Clicking button 'id=add-to-cart-button'.</msg>
<status status="PASS" starttime="20211206 16:09:42.698" endtime="20211206 16:09:43.069"/>
</kw>
<status status="PASS" starttime="20211206 16:09:42.697" endtime="20211206 16:09:43.069"/>
</kw>
<status status="PASS" starttime="20211206 16:09:42.697" endtime="20211206 16:09:43.070"/>
</kw>
<kw name="Then the product is present in cart" library="web.gui.gherkin">
<kw name="Verify Product Added" library="cart">
<kw name="Wait Until Page Contains" library="SeleniumLibrary">
<arg>${CART_ADD_CONFIRMATION}</arg>
<doc>Waits until ``text`` appears on the current page.</doc>
<status status="PASS" starttime="20211206 16:09:43.072" endtime="20211206 16:09:43.127"/>
</kw>
<status status="PASS" starttime="20211206 16:09:43.071" endtime="20211206 16:09:43.127"/>
</kw>
<status status="PASS" starttime="20211206 16:09:43.070" endtime="20211206 16:09:43.127"/>
</kw>
<kw name="End Web Test" library="common.web" type="TEARDOWN">
<kw name="Close Browser" library="SeleniumLibrary">
<doc>Closes the current browser.</doc>
<status status="PASS" starttime="20211206 16:09:43.128" endtime="20211206 16:09:45.419"/>
</kw>
<status status="PASS" starttime="20211206 16:09:43.128" endtime="20211206 16:09:45.419"/>
</kw>
<tag>gherkin</tag>
<status status="PASS" starttime="20211206 16:09:28.141" endtime="20211206 16:09:45.420"/>
</test>
<test id="s1-t4" name="Logged out user must sign in to check out">
<kw name="Begin Web Test" library="common.web" type="SETUP">
<arg>${BROWSER}</arg>
<kw name="Open Browser" library="SeleniumLibrary">
<arg>about:blank</arg>
<arg>${browser}</arg>
<doc>Opens a new browser instance to the optional ``url``.</doc>
<msg timestamp="20211206 16:09:45.422" level="INFO">Opening browser 'chrome' to base url 'about:blank'.</msg>
<status status="PASS" starttime="20211206 16:09:45.422" endtime="20211206 16:09:46.967"/>
</kw>
<kw name="Maximize Browser Window" library="SeleniumLibrary">
<doc>Maximizes current browser window.</doc>
<status status="PASS" starttime="20211206 16:09:46.967" endtime="20211206 16:09:47.087"/>
</kw>
<status status="PASS" starttime="20211206 16:09:45.422" endtime="20211206 16:09:47.087"/>
</kw>
<kw name="Given user is not logged in" library="web.gui.gherkin">
<kw name="Log" library="BuiltIn">
<arg>Check to see whether user is logged in</arg>
<doc>Logs the given message with the given level.</doc>
<msg timestamp="20211206 16:09:47.088" level="INFO">Check to see whether user is logged in</msg>
<status status="PASS" starttime="20211206 16:09:47.088" endtime="20211206 16:09:47.088"/>
</kw>
<status status="PASS" starttime="20211206 16:09:47.088" endtime="20211206 16:09:47.089"/>
</kw>
<kw name="And user searches for products" library="web.gui.gherkin">
<arg>${URL}</arg>
<arg>${SEARCH_TERM}</arg>
<kw name="Load" library="landing-page">
<arg>${url}</arg>
<kw name="Go To" library="SeleniumLibrary">
<arg>${url}</arg>
<doc>Navigates the current browser window to the provided ``url``.</doc>
<msg timestamp="20211206 16:09:47.091" level="INFO">Opening url 'https://amazon.com'</msg>
<status status="PASS" starttime="20211206 16:09:47.090" endtime="20211206 16:09:50.033"/>
</kw>
<status status="PASS" starttime="20211206 16:09:47.089" endtime="20211206 16:09:50.033"/>
</kw>
<kw name="Search for Products" library="top-nav">
<arg>${search_term}</arg>
<kw name="Enter Search Term" library="top-nav">
<arg>${search_term}</arg>
<kw name="Input Text" library="SeleniumLibrary">
<arg>${TOP_NAV_SEARCH_BAR}</arg>
<arg>${search_term}</arg>
<doc>Types the given ``text`` into the text field identified by ``locator``.</doc>
<msg timestamp="20211206 16:09:50.035" level="INFO">Typing text 'Ferrari 458' into text field 'id=twotabsearchtextbox'.</msg>
<status status="PASS" starttime="20211206 16:09:50.035" endtime="20211206 16:09:50.224"/>
</kw>
<status status="PASS" starttime="20211206 16:09:50.034" endtime="20211206 16:09:50.224"/>
</kw>
<kw name="Submit Search" library="top-nav">
<kw name="Click Button" library="SeleniumLibrary">
<arg>${TOP_NAV_SEARCH_BUTTON}</arg>
<doc>Clicks the button identified by ``locator``.</doc>
<msg timestamp="20211206 16:09:50.225" level="INFO">Clicking button 'id=nav-search-submit-button'.</msg>
<status status="PASS" starttime="20211206 16:09:50.225" endtime="20211206 16:09:52.198"/>
</kw>
<status status="PASS" starttime="20211206 16:09:50.224" endtime="20211206 16:09:52.199"/>
</kw>
<status status="PASS" starttime="20211206 16:09:50.034" endtime="20211206 16:09:52.199"/>
</kw>
<status status="PASS" starttime="20211206 16:09:47.089" endtime="20211206 16:09:52.199"/>
</kw>
<kw name="And search results contains relevant products" library="web.gui.gherkin">
<arg>${SEARCH_TERM}</arg>
<kw name="Verify Search Completed" library="search-results">
<arg>${search_term}</arg>
<kw name="Wait Until Page Contains" library="SeleniumLibrary">
<arg>results for "${search_term}"</arg>
<doc>Waits until ``text`` appears on the current page.</doc>
<status status="PASS" starttime="20211206 16:09:52.201" endtime="20211206 16:09:52.296"/>
</kw>
<status status="PASS" starttime="20211206 16:09:52.200" endtime="20211206 16:09:52.296"/>
</kw>
<status status="PASS" starttime="20211206 16:09:52.200" endtime="20211206 16:09:52.296"/>
</kw>
<kw name="And user selects a product from search results" library="web.gui.gherkin">
<kw name="Click Product Link" library="search-results">
<doc>Clicks on the third product link in the search results list.</doc>
<kw name="Click Link" library="SeleniumLibrary">
<arg>${SEARCH_RESULTS_THIRD_PRODUCT_LINK}</arg>
<doc>Clicks a link identified by ``locator``.</doc>
<msg timestamp="20211206 16:09:52.299" level="INFO">Clicking link 'xpath=//*[@id="search"]/div[1]/div[1]/div/span[3]/div[2]/div[5]/div/span/div/div/span/a'.</msg>
<status status="PASS" starttime="20211206 16:09:52.298" endtime="20211206 16:09:55.418"/>
</kw>
<status status="PASS" starttime="20211206 16:09:52.297" endtime="20211206 16:09:55.418"/>
</kw>
<kw name="Verify Page Loaded" library="product">
<kw name="Wait Until Page Contains" library="SeleniumLibrary">
<arg>${PRODUCT_BACK_MSG}</arg>
<doc>Waits until ``text`` appears on the current page.</doc>
<status status="PASS" starttime="20211206 16:09:55.419" endtime="20211206 16:09:55.500"/>
</kw>
<status status="PASS" starttime="20211206 16:09:55.418" endtime="20211206 16:09:55.500"/>
</kw>
<status status="PASS" starttime="20211206 16:09:52.297" endtime="20211206 16:09:55.500"/>
</kw>
<kw name="And correct product page loads" library="web.gui.gherkin">
<kw name="Verify Page Loaded" library="product">
<kw name="Wait Until Page Contains" library="SeleniumLibrary">
<arg>${PRODUCT_BACK_MSG}</arg>
<doc>Waits until ``text`` appears on the current page.</doc>
<status status="PASS" starttime="20211206 16:09:55.502" endtime="20211206 16:09:55.532"/>
</kw>
<status status="PASS" starttime="20211206 16:09:55.501" endtime="20211206 16:09:55.532"/>
</kw>
<status status="PASS" starttime="20211206 16:09:55.501" endtime="20211206 16:09:55.532"/>
</kw>
<kw name="And user adds that product to their cart" library="web.gui.gherkin">
<kw name="Add to Cart" library="product">
<kw name="Click Button" library="SeleniumLibrary">
<arg>${PRODUCT_ADD_TO_CART_BUTTON}</arg>
<doc>Clicks the button identified by ``locator``.</doc>
<msg timestamp="20211206 16:09:55.534" level="INFO">Clicking button 'id=add-to-cart-button'.</msg>
<status status="PASS" starttime="20211206 16:09:55.534" endtime="20211206 16:09:55.758"/>
</kw>
<status status="PASS" starttime="20211206 16:09:55.533" endtime="20211206 16:09:55.759"/>
</kw>
<status status="PASS" starttime="20211206 16:09:55.533" endtime="20211206 16:09:55.759"/>
</kw>
<kw name="And the product is present in cart" library="web.gui.gherkin">
<kw name="Verify Product Added" library="cart">
<kw name="Wait Until Page Contains" library="SeleniumLibrary">
<arg>${CART_ADD_CONFIRMATION}</arg>
<doc>Waits until ``text`` appears on the current page.</doc>
<status status="PASS" starttime="20211206 16:09:55.761" endtime="20211206 16:09:55.828"/>
</kw>
<status status="PASS" starttime="20211206 16:09:55.760" endtime="20211206 16:09:55.828"/>
</kw>
<status status="PASS" starttime="20211206 16:09:55.760" endtime="20211206 16:09:55.828"/>
</kw>
<kw name="When user attempts to checkout" library="web.gui.gherkin">
<kw name="Proceed to Checkout" library="cart">
<kw name="Click Link" library="SeleniumLibrary">
<arg>${CART_PROCEED_TO_CHECKOUT_BUTTON}</arg>
<doc>Clicks a link identified by ``locator``.</doc>
<msg timestamp="20211206 16:09:55.830" level="INFO">Clicking link 'id=hlb-ptc-btn-native'.</msg>
<msg timestamp="20211206 16:09:56.348" level="INFO" html="true">&lt;/td&gt;&lt;/tr&gt;&lt;tr&gt;&lt;td colspan="3"&gt;&lt;a href="selenium-screenshot-1.png"&gt;&lt;img src="selenium-screenshot-1.png" width="800px"&gt;&lt;/a&gt;</msg>
<msg timestamp="20211206 16:09:56.354" level="FAIL">Link with locator 'id=hlb-ptc-btn-native' not found.</msg>
<status status="FAIL" starttime="20211206 16:09:55.830" endtime="20211206 16:09:56.354"/>
</kw>
<status status="FAIL" starttime="20211206 16:09:55.829" endtime="20211206 16:09:56.355"/>
</kw>
<status status="FAIL" starttime="20211206 16:09:55.829" endtime="20211206 16:09:56.356"/>
</kw>
<kw name="Then the user is required to sign in" library="web.gui.gherkin">
<status status="NOT RUN" starttime="20211206 16:09:56.357" endtime="20211206 16:09:56.357"/>
</kw>
<kw name="End Web Test" library="common.web" type="TEARDOWN">
<kw name="Close Browser" library="SeleniumLibrary">
<doc>Closes the current browser.</doc>
<status status="PASS" starttime="20211206 16:09:56.360" endtime="20211206 16:09:58.617"/>
</kw>
<status status="PASS" starttime="20211206 16:09:56.358" endtime="20211206 16:09:58.617"/>
</kw>
<doc>This approach uses first level keywords, and it's clear what's happening under the covers</doc>
<tag>all</tag>
<tag>gherkin</tag>
<status status="FAIL" starttime="20211206 16:09:45.421" endtime="20211206 16:09:58.617">Link with locator 'id=hlb-ptc-btn-native' not found.</status>
</test>
<kw name="Clean Suite" library="common" type="TEARDOWN">
<kw name="Log" library="BuiltIn">
<arg>I am cleaning up a web suite.</arg>
<doc>Logs the given message with the given level.</doc>
<msg timestamp="20211206 16:09:58.619" level="INFO">I am cleaning up a web suite.</msg>
<status status="PASS" starttime="20211206 16:09:58.619" endtime="20211206 16:09:58.619"/>
</kw>
<status status="PASS" starttime="20211206 16:09:58.618" endtime="20211206 16:09:58.619"/>
</kw>
<doc>Gherkin-based suite file for testing the Amazon website.</doc>
<status status="FAIL" starttime="20211206 16:09:06.366" endtime="20211206 16:09:58.619"/>
</suite>
<statistics>
<total>
<stat pass="3" fail="1" skip="0">All Tests</stat>
</total>
<tag>
<stat pass="0" fail="1" skip="0">all</stat>
<stat pass="3" fail="1" skip="0">gherkin</stat>
</tag>
<suite>
<stat pass="3" fail="1" skip="0" id="s1" name="Main.Gherkin">Main.Gherkin</stat>
</suite>
</statistics>
<errors>
</errors>
</robot>
